Base path: 'C:/Program Files/Unity/Hub/Editor/2019.2.17f1/Editor/Data', plugins path 'C:/Program Files/Unity/Hub/Editor/2019.2.17f1/Editor/Data/PlaybackEngines'
Cmd: initializeCompiler
Cmd: compileSnippet
  api=4 type=0 insize=1650 outsize=690 kw= pd=UNITY_ENABLE_REFLECTION_BUFFERS UNITY_USE_DITHER_MASK_FOR_ALPHABLENDED_SHADOWS UNITY_PBS_USE_BRDF1 UNITY_SPECCUBE_BOX_PROJECTION UNITY_SPECCUBE_BLENDING UNITY_ENABLE_DETAIL_NORMALMAP SHADER_API_DESKTOP UNITY_COLORSPACE_GAMMA UNITY_LIGHT_PROBE_PROXY_VOLUME UNITY_LIGHTMAP_FULL_HDR ok=1
Cmd: compileSnippet
  api=4 type=0 insize=75416 outsize=1210 kw=UNITY_PASS_FORWARDBASE DIRECTIONAL LIGHTPROBE_SH UNITY_UI_ALPHACLIP pd=UNITY_ENABLE_REFLECTION_BUFFERS UNITY_USE_DITHER_MASK_FOR_ALPHABLENDED_SHADOWS UNITY_PBS_USE_BRDF1 UNITY_SPECCUBE_BOX_PROJECTION UNITY_SPECCUBE_BLENDING UNITY_ENABLE_DETAIL_NORMALMAP SHADER_API_DESKTOP UNITY_COLORSPACE_GAMMA UNITY_LIGHT_PROBE_PROXY_VOLUME UNITY_LIGHTMAP_FULL_HDR ok=1
Cmd: compileSnippet
  api=4 type=1 insize=75416 outsize=1434 kw=UNITY_PASS_FORWARDBASE DIRECTIONAL LIGHTPROBE_SH UNITY_UI_ALPHACLIP pd=UNITY_ENABLE_REFLECTION_BUFFERS UNITY_USE_DITHER_MASK_FOR_ALPHABLENDED_SHADOWS UNITY_PBS_USE_BRDF1 UNITY_SPECCUBE_BOX_PROJECTION UNITY_SPECCUBE_BLENDING UNITY_ENABLE_DETAIL_NORMALMAP SHADER_API_DESKTOP UNITY_COLORSPACE_GAMMA UNITY_LIGHT_PROBE_PROXY_VOLUME UNITY_LIGHTMAP_FULL_HDR ok=1
Cmd: compileSnippet
  api=4 type=0 insize=1599 outsize=762 kw= pd=UNITY_ENABLE_REFLECTION_BUFFERS UNITY_USE_DITHER_MASK_FOR_ALPHABLENDED_SHADOWS UNITY_PBS_USE_BRDF1 UNITY_SPECCUBE_BOX_PROJECTION UNITY_SPECCUBE_BLENDING UNITY_ENABLE_DETAIL_NORMALMAP SHADER_API_DESKTOP UNITY_COLORSPACE_GAMMA UNITY_LIGHT_PROBE_PROXY_VOLUME UNITY_LIGHTMAP_FULL_HDR ok=1
Cmd: preprocess
  insize=1488 outsize=505 ok=1
Cmd: preprocess
  insize=1637 outsize=551 ok=1
Cmd: preprocess
  insize=1824 outsize=504 ok=1
Cmd: preprocess
  insize=2785 outsize=547 ok=1
Cmd: preprocess
  insize=1847 outsize=506 ok=1
Cmd: preprocess
  insize=1877 outsize=504 ok=1
Cmd: preprocess
  insize=1648 outsize=511 ok=1
Cmd: preprocess
  insize=1924 outsize=492 ok=1
Cmd: preprocess
  insize=1624 outsize=550 ok=1
Cmd: preprocess
  insize=1371 outsize=556 ok=1
Cmd: preprocess
  insize=1982 outsize=549 ok=1
Cmd: preprocess
  insize=2282 outsize=550 ok=1
Cmd: preprocess
  insize=2028 outsize=547 ok=1
Cmd: preprocess
  insize=1677 outsize=585 ok=1
Cmd: preprocess
  insize=1340 outsize=552 ok=1
Cmd: preprocess
  insize=2231 outsize=504 ok=1
Cmd: preprocess
  insize=2905 outsize=545 ok=1
Cmd: preprocess
  insize=2084 outsize=556 ok=1
Cmd: preprocess
  insize=1831 outsize=596 ok=1
Cmd: preprocess
  insize=1531 outsize=547 ok=1
Cmd: preprocess
  insize=2590 outsize=549 ok=1
Cmd: preprocess
  insize=2445 outsize=551 ok=1
Cmd: preprocess
  insize=1269 outsize=420 ok=1
Cmd: preprocess
  insize=2057 outsize=557 ok=1
Cmd: preprocess
  insize=3395 outsize=541 ok=1
Cmd: preprocess
  insize=3926 outsize=656 ok=1
Cmd: preprocess
  insize=1608 outsize=688 ok=1
Cmd: preprocess
  insize=1550 outsize=606 ok=1
Cmd: preprocess
  insize=1460 outsize=503 ok=1
Cmd: preprocess
  insize=1838 outsize=554 ok=1
Cmd: preprocess
  insize=2946 outsize=518 ok=1
Cmd: preprocess
  insize=1515 outsize=497 ok=1
Cmd: preprocess
  insize=1452 outsize=619 ok=1
Cmd: preprocess
  insize=3033 outsize=547 ok=1
Cmd: preprocess
  insize=1713 outsize=513 ok=1
Cmd: preprocess
  insize=2276 outsize=557 ok=1
Cmd: preprocess
  insize=1353 outsize=555 ok=1
Cmd: preprocess
  insize=4032 outsize=533 ok=1
Cmd: preprocess
  insize=1278 outsize=553 ok=1
Cmd: preprocess
  insize=2016 outsize=575 ok=1
Cmd: preprocess
  insize=1840 outsize=583 ok=1
Cmd: preprocess
  insize=2597 outsize=501 ok=1
Cmd: preprocess
  insize=1789 outsize=502 ok=1
Cmd: preprocess
  insize=1487 outsize=555 ok=1
Cmd: preprocess
  insize=1524 outsize=554 ok=1
Cmd: preprocess
  insize=2007 outsize=583 ok=1
Cmd: preprocess
  insize=1794 outsize=544 ok=1
Cmd: preprocess
  insize=1620 outsize=554 ok=1
Cmd: preprocess
  insize=1648 outsize=553 ok=1
Cmd: preprocess
  insize=2722 outsize=546 ok=1
Cmd: preprocess
  insize=1202 outsize=553 ok=1
Cmd: preprocess
  insize=2729 outsize=648 ok=1
Cmd: preprocess
  insize=4201 outsize=977 ok=1
Cmd: preprocess
  insize=2377 outsize=499 ok=1
Cmd: preprocess
  insize=1679 outsize=554 ok=1
Cmd: preprocess
  insize=1763 outsize=514 ok=1
Cmd: preprocess
  insize=3090 outsize=561 ok=1
Cmd: preprocess
  insize=1784 outsize=503 ok=1
Cmd: preprocess
  insize=2200 outsize=546 ok=1
Cmd: preprocess
  insize=2310 outsize=647 ok=1
Cmd: preprocess
  insize=2537 outsize=521 ok=1
Cmd: preprocess
  insize=1525 outsize=503 ok=1
Cmd: preprocess
  insize=1553 outsize=565 ok=1
Cmd: preprocess
  insize=2376 outsize=621 ok=1
Cmd: preprocess
  insize=3820 outsize=724 ok=1
Cmd: preprocess
  insize=1607 outsize=498 ok=1
Cmd: preprocess
  insize=2156 outsize=585 ok=1
Cmd: preprocess
  insize=1441 outsize=548 ok=1
Cmd: preprocess
  insize=1649 outsize=553 ok=1
Cmd: preprocess
  insize=1688 outsize=512 ok=1
Cmd: preprocess
  insize=1877 outsize=551 ok=1
Cmd: preprocess
  insize=2133 outsize=610 ok=1
Cmd: preprocess
  insize=1629 outsize=647 ok=1
Cmd: preprocess
  insize=2730 outsize=648 ok=1
Cmd: preprocess
  insize=1565 outsize=487 ok=1
Cmd: preprocess
  insize=1824 outsize=503 ok=1
Cmd: preprocess
  insize=1725 outsize=720 ok=1
Cmd: preprocess
  insize=1630 outsize=552 ok=1
Cmd: preprocess
  insize=3021 outsize=508 ok=1
Cmd: preprocess
  insize=2159 outsize=720 ok=1
Cmd: preprocess
  insize=1876 outsize=437 ok=1
Cmd: preprocess
  insize=1956 outsize=444 ok=1
Cmd: preprocess
  insize=3063 outsize=617 ok=1
Cmd: preprocess
  insize=1470 outsize=395 ok=1
Cmd: preprocess
  insize=2207 outsize=557 ok=1
Cmd: preprocess
  insize=3814 outsize=726 ok=1
Cmd: preprocess
  insize=1946 outsize=552 ok=1
Cmd: preprocess
  insize=2415 outsize=619 ok=1
Cmd: preprocess
  insize=1526 outsize=500 ok=1
Cmd: preprocess
  insize=1780 outsize=503 ok=1
Cmd: preprocess
  insize=2155 outsize=717 ok=1
Cmd: preprocess
  insize=3902 outsize=727 ok=1
Cmd: preprocess
  insize=4438 outsize=787 ok=1
Cmd: preprocess
  insize=1446 outsize=549 ok=1
Cmd: preprocess
  insize=1533 outsize=552 ok=1
Cmd: preprocess
  insize=3275 outsize=812 ok=1
Cmd: preprocess
  insize=1643 outsize=531 ok=1
Cmd: preprocess
  insize=1735 outsize=553 ok=1
Cmd: preprocess
  insize=1801 outsize=494 ok=1
Cmd: preprocess
  insize=2313 outsize=621 ok=1
Cmd: preprocess
  insize=1758 outsize=631 ok=1
Cmd: preprocess
  insize=1930 outsize=516 ok=1
Cmd: preprocess
  insize=1933 outsize=645 ok=1
Cmd: preprocess
  insize=2205 outsize=519 ok=1
Cmd: preprocess
  insize=2060 outsize=651 ok=1
Cmd: preprocess
  insize=1901 outsize=514 ok=1
Cmd: preprocess
  insize=1644 outsize=503 ok=1
Cmd: preprocess
  insize=2130 outsize=575 ok=1
Cmd: preprocess
  insize=4484 outsize=657 ok=1
Cmd: preprocess
  insize=1839 outsize=506 ok=1
Cmd: preprocess
  insize=1593 outsize=483 ok=1
Cmd: preprocess
  insize=2997 outsize=501 ok=1
Cmd: preprocess
  insize=1342 outsize=524 ok=1
Cmd: preprocess
  insize=1922 outsize=499 ok=1
Cmd: preprocess
  insize=1423 outsize=501 ok=1
Cmd: preprocess
  insize=1935 outsize=502 ok=1
Cmd: preprocess
  insize=1893 outsize=622 ok=1
Cmd: preprocess
  insize=1608 outsize=503 ok=1
Cmd: preprocess
  insize=2003 outsize=644 ok=1
Cmd: preprocess
  insize=1788 outsize=501 ok=1
Cmd: preprocess
  insize=2554 outsize=447 ok=1
Cmd: preprocess
  insize=1597 outsize=530 ok=1
Cmd: preprocess
  insize=1288 outsize=593 ok=1
Cmd: preprocess
  insize=1381 outsize=569 ok=1
Cmd: preprocess
  insize=1212 outsize=492 ok=1
Cmd: preprocess
  insize=1650 outsize=555 ok=1
Cmd: preprocess
  insize=2125 outsize=608 ok=1
Cmd: preprocess
  insize=3018 outsize=647 ok=1
Cmd: preprocess
  insize=1887 outsize=717 ok=1
Cmd: preprocess
  insize=1652 outsize=555 ok=1
Cmd: preprocess
  insize=2678 outsize=648 ok=1
Cmd: preprocess
  insize=1806 outsize=601 ok=1
Cmd: preprocess
  insize=1902 outsize=505 ok=1
Cmd: preprocess
  insize=1982 outsize=503 ok=1
Cmd: preprocess
  insize=1380 outsize=492 ok=1
Cmd: preprocess
  insize=1881 outsize=730 ok=1
Cmd: preprocess
  insize=2778 outsize=732 ok=1
Cmd: preprocess
  insize=2243 outsize=504 ok=1
Cmd: preprocess
  insize=2630 outsize=510 ok=1
Cmd: preprocess
  insize=2010 outsize=509 ok=1
Cmd: preprocess
  insize=1845 outsize=507 ok=1
Cmd: preprocess
  insize=2351 outsize=441 ok=1
Cmd: preprocess
  insize=1707 outsize=516 ok=1
Cmd: preprocess
  insize=2354 outsize=444 ok=1
Cmd: preprocess
  insize=2038 outsize=573 ok=1
Cmd: preprocess
  insize=1840 outsize=550 ok=1
Cmd: preprocess
  insize=1994 outsize=619 ok=1
Cmd: preprocess
  insize=2638 outsize=524 ok=1
Cmd: preprocess
  insize=1636 outsize=550 ok=1
Cmd: preprocess
  insize=2204 outsize=651 ok=1
Cmd: preprocess
  insize=1255 outsize=551 ok=1
Cmd: preprocess
  insize=2863 outsize=511 ok=1
Cmd: preprocess
  insize=1900 outsize=508 ok=1
Cmd: preprocess
  insize=1638 outsize=551 ok=1
Cmd: preprocess
  insize=1809 outsize=503 ok=1
Cmd: preprocess
  insize=1471 outsize=505 ok=1
Cmd: preprocess
  insize=1330 outsize=497 ok=1
Cmd: preprocess
  insize=1812 outsize=592 ok=1
Cmd: preprocess
  insize=1687 outsize=536 ok=1
Cmd: preprocess
  insize=1631 outsize=551 ok=1
Cmd: preprocess
  insize=2005 outsize=502 ok=1
Cmd: preprocess
  insize=1828 outsize=553 ok=1
Cmd: preprocess
  insize=1984 outsize=498 ok=1
Cmd: preprocess
  insize=2520 outsize=664 ok=1
Cmd: preprocess
  insize=2304 outsize=442 ok=1
Cmd: preprocess
  insize=1554 outsize=509 ok=1
Cmd: preprocess
  insize=2108 outsize=646 ok=1
Cmd: preprocess
  insize=2704 outsize=491 ok=1
Cmd: preprocess
  insize=2928 outsize=546 ok=1
Cmd: preprocess
  insize=2961 outsize=510 ok=1
Cmd: preprocess
  insize=1804 outsize=527 ok=1
Cmd: preprocess
  insize=1932 outsize=600 ok=1
Cmd: preprocess
  insize=2724 outsize=401 ok=1
Cmd: preprocess
  insize=1433 outsize=595 ok=1
Cmd: preprocess
  insize=1545 outsize=506 ok=1
Cmd: preprocess
  insize=3018 outsize=493 ok=1
Cmd: preprocess
  insize=2172 outsize=516 ok=1
Cmd: preprocess
  insize=1970 outsize=506 ok=1
Cmd: preprocess
  insize=1681 outsize=547 ok=1
Cmd: preprocess
  insize=3476 outsize=471 ok=1
Cmd: preprocess
  insize=1782 outsize=557 ok=1
Cmd: preprocess
  insize=1642 outsize=555 ok=1
Cmd: preprocess
  insize=1847 outsize=710 ok=1
Cmd: preprocess
  insize=1640 outsize=522 ok=1
Cmd: preprocess
  insize=4495 outsize=793 ok=1
Cmd: preprocess
  insize=2365 outsize=623 ok=1
Cmd: preprocess
  insize=1710 outsize=567 ok=1
Cmd: preprocess
  insize=3032 outsize=552 ok=1
Cmd: preprocess
  insize=1069 outsize=428 ok=1
Cmd: preprocess
  insize=1756 outsize=501 ok=1
Cmd: preprocess
  insize=3232 outsize=511 ok=1
Cmd: preprocess
  insize=2204 outsize=550 ok=1
Cmd: preprocess
  insize=1733 outsize=504 ok=1
Cmd: preprocess
  insize=2265 outsize=595 ok=1
Cmd: preprocess
  insize=1902 outsize=652 ok=1
Cmd: preprocess
  insize=2727 outsize=649 ok=1
Cmd: preprocess
  insize=1707 outsize=504 ok=1
Cmd: preprocess
  insize=1534 outsize=498 ok=1
Cmd: preprocess
  insize=2087 outsize=495 ok=1
Cmd: preprocess
  insize=1666 outsize=506 ok=1
Cmd: preprocess
  insize=2491 outsize=487 ok=1
Cmd: preprocess
  insize=1457 outsize=500 ok=1
Cmd: preprocess
  insize=3258 outsize=654 ok=1
Cmd: preprocess
  insize=1939 outsize=526 ok=1
Cmd: preprocess
  insize=2048 outsize=587 ok=1
Cmd: preprocess
  insize=2111 outsize=550 ok=1
Cmd: preprocess
  insize=1369 outsize=551 ok=1
Cmd: preprocess
  insize=1822 outsize=648 ok=1
Cmd: preprocess
  insize=2043 outsize=443 ok=1
Cmd: preprocess
  insize=1814 outsize=551 ok=1
Cmd: preprocess
  insize=2496 outsize=617 ok=1
Cmd: preprocess
  insize=1267 outsize=491 ok=1
Cmd: preprocess
  insize=1840 outsize=527 ok=1
Cmd: preprocess
  insize=1439 outsize=504 ok=1
Cmd: preprocess
  insize=1696 outsize=593 ok=1
Cmd: preprocess
  insize=1326 outsize=511 ok=1
Cmd: preprocess
  insize=2827 outsize=512 ok=1
Cmd: preprocess
  insize=2018 outsize=642 ok=1
Cmd: preprocess
  insize=2492 outsize=525 ok=1
Cmd: preprocess
  insize=2774 outsize=554 ok=1
Cmd: preprocess
  insize=2556 outsize=546 ok=1
Cmd: preprocess
  insize=3137 outsize=501 ok=1
Cmd: preprocess
  insize=1461 outsize=473 ok=1
Cmd: preprocess
  insize=2125 outsize=501 ok=1
Cmd: preprocess
  insize=1628 outsize=550 ok=1
Cmd: preprocess
  insize=2700 outsize=649 ok=1
Cmd: preprocess
  insize=1967 outsize=502 ok=1
Cmd: preprocess
  insize=1460 outsize=532 ok=1
Cmd: preprocess
  insize=1586 outsize=526 ok=1
Cmd: preprocess
  insize=2297 outsize=443 ok=1
Cmd: preprocess
  insize=2282 outsize=754 ok=1
Cmd: preprocess
  insize=2148 outsize=506 ok=1
Cmd: preprocess
  insize=3231 outsize=603 ok=1
Cmd: preprocess
  insize=1956 outsize=503 ok=1
Cmd: preprocess
  insize=2396 outsize=501 ok=1
Cmd: preprocess
  insize=2485 outsize=617 ok=1
Cmd: preprocess
  insize=1654 outsize=483 ok=1
Cmd: preprocess
  insize=1892 outsize=645 ok=1
Cmd: preprocess
  insize=1871 outsize=503 ok=1
Cmd: preprocess
  insize=1596 outsize=543 ok=1
Cmd: preprocess
  insize=3102 outsize=502 ok=1
Cmd: preprocess
  insize=5746 outsize=605 ok=1
Cmd: preprocess
  insize=3803 outsize=943 ok=1
Cmd: preprocess
  insize=1745 outsize=533 ok=1
Cmd: preprocess
  insize=1541 outsize=520 ok=1
Cmd: preprocess
  insize=2209 outsize=549 ok=1
Cmd: preprocess
  insize=1722 outsize=442 ok=1
Cmd: preprocess
  insize=2132 outsize=438 ok=1
Cmd: preprocess
  insize=1630 outsize=552 ok=1
Cmd: preprocess
  insize=2099 outsize=611 ok=1
Cmd: preprocess
  insize=5542 outsize=632 ok=1
Cmd: preprocess
  insize=1682 outsize=556 ok=1
Cmd: preprocess
  insize=2223 outsize=554 ok=1
Cmd: preprocess
  insize=1536 outsize=644 ok=1
Cmd: preprocess
  insize=1641 outsize=554 ok=1
Cmd: preprocess
  insize=1824 outsize=552 ok=1
Cmd: preprocess
  insize=2671 outsize=484 ok=1
Cmd: preprocess
  insize=2316 outsize=577 ok=1
Cmd: preprocess
  insize=1520 outsize=516 ok=1
Cmd: preprocess
  insize=1928 outsize=552 ok=1
Cmd: preprocess
  insize=1860 outsize=512 ok=1
Cmd: preprocess
  insize=1458 outsize=557 ok=1
Cmd: preprocess
  insize=1889 outsize=713 ok=1
Cmd: preprocess
  insize=1625 outsize=509 ok=1
Cmd: preprocess
  insize=1325 outsize=485 ok=1
Cmd: preprocess
  insize=2566 outsize=598 ok=1
Cmd: preprocess
  insize=1645 outsize=554 ok=1
Cmd: preprocess
  insize=2456 outsize=445 ok=1
Cmd: preprocess
  insize=1646 outsize=554 ok=1
Cmd: preprocess
  insize=1462 outsize=534 ok=1
Cmd: preprocess
  insize=1389 outsize=509 ok=1
Cmd: preprocess
  insize=1457 outsize=500 ok=1
Cmd: preprocess
  insize=1995 outsize=554 ok=1
Cmd: preprocess
  insize=1518 outsize=499 ok=1
